<?xml version="1.0" encoding="UTF-8"?>
<!-- Generated by org.testng.reporters.JUnitXMLReporter -->
<testsuite hostname="AWLIN-DT-11524" ignored="20" name="BFL_LRP_Automation_Suite" tests="11" failures="0" timestamp="05 Mar 2020 04:38:36 GMT" time="989.124" errors="0">
  <testcase name="CardBlock_UnBlock_Test" time="75.573" classname="com.BFL.smoke.CardActivation"/>
  <testcase name="AccountBlock_UnBlock_Test" time="78.823" classname="com.BFL.smoke.AccountBlock_UnBlock"/>
  <testcase name="TemporaryLimitChange_Test" time="65.69" classname="com.BFL.smoke.TemporaryLimitChange"/>
  <testcase name="PersonalDetailsChange_Checker_Test" time="71.989" classname="com.BFL.smoke.PersonalDetailsChange_Checker"/>
  <testcase name="CustomerBlock_UnBlock_Test" time="70.174" classname="com.BFL.smoke.CustomerBlock_UnBlock"/>
  <testcase name="CustomerLimitEnhancement_Test" time="77.302" classname="com.BFL.smoke.CustomerLimitEnhancement"/>
  <testcase name="Vip_NonVipChange_Customer_Test" time="138.229" classname="com.BFL.smoke.Vip_NonVipChange_Customer"/>
  <testcase name="Vip_NonVipChange_Account_Test" time="131.676" classname="com.BFL.smoke.Vip_NonVipChange_Account"/>
  <testcase name="AvailableBalanceChange_Test" time="65.672" classname="com.BFL.smoke.AvailableBalanceChange"/>
  <testcase name="CustomerOnboardingAPI_Test" time="117.873" classname="com.BFL.API_smoke.CustomerOnboarding"/>
  <testcase name="MAUTH_Transaction_Test" time="87.373" classname="com.BFL.API_smoke.MAUTH_Transaction"/>
  <testcase name="@BeforeSuite setupSuite" time="0.0" classname="com.MainFrameWork.accelerators.TestEngine">
    <ignored/>
  </testcase> <!-- @BeforeSuite setupSuite -->
  <testcase name="@BeforeSuite setupSuite" time="0.0" classname="com.MainFrameWork.accelerators.TestEngine">
    <ignored/>
  </testcase> <!-- @BeforeSuite setupSuite -->
  <testcase name="@BeforeSuite setupSuite" time="0.0" classname="com.MainFrameWork.accelerators.TestEngine">
    <ignored/>
  </testcase> <!-- @BeforeSuite setupSuite -->
  <testcase name="@BeforeSuite setupSuite" time="0.0" classname="com.MainFrameWork.accelerators.TestEngine">
    <ignored/>
  </testcase> <!-- @BeforeSuite setupSuite -->
  <testcase name="@BeforeSuite setupSuite" time="0.0" classname="com.MainFrameWork.accelerators.TestEngine">
    <ignored/>
  </testcase> <!-- @BeforeSuite setupSuite -->
  <testcase name="@BeforeSuite setupSuite" time="0.0" classname="com.MainFrameWork.accelerators.TestEngine">
    <ignored/>
  </testcase> <!-- @BeforeSuite setupSuite -->
  <testcase name="@BeforeSuite setupSuite" time="0.0" classname="com.MainFrameWork.accelerators.TestEngine">
    <ignored/>
  </testcase> <!-- @BeforeSuite setupSuite -->
  <testcase name="@BeforeSuite setupSuite" time="0.0" classname="com.MainFrameWork.accelerators.TestEngine">
    <ignored/>
  </testcase> <!-- @BeforeSuite setupSuite -->
  <testcase name="@BeforeSuite setupSuite" time="0.0" classname="com.MainFrameWork.accelerators.TestEngine">
    <ignored/>
  </testcase> <!-- @BeforeSuite setupSuite -->
  <testcase name="@BeforeSuite setupSuite" time="0.0" classname="com.MainFrameWork.accelerators.TestEngine">
    <ignored/>
  </testcase> <!-- @BeforeSuite setupSuite -->
  <testcase name="@AfterSuite tearDown" time="0.0" classname="com.MainFrameWork.accelerators.TestEngine">
    <ignored/>
  </testcase> <!-- @AfterSuite tearDown -->
  <testcase name="@AfterSuite tearDown" time="0.0" classname="com.MainFrameWork.accelerators.TestEngine">
    <ignored/>
  </testcase> <!-- @AfterSuite tearDown -->
  <testcase name="@AfterSuite tearDown" time="0.0" classname="com.MainFrameWork.accelerators.TestEngine">
    <ignored/>
  </testcase> <!-- @AfterSuite tearDown -->
  <testcase name="@AfterSuite tearDown" time="0.0" classname="com.MainFrameWork.accelerators.TestEngine">
    <ignored/>
  </testcase> <!-- @AfterSuite tearDown -->
  <testcase name="@AfterSuite tearDown" time="0.0" classname="com.MainFrameWork.accelerators.TestEngine">
    <ignored/>
  </testcase> <!-- @AfterSuite tearDown -->
  <testcase name="@AfterSuite tearDown" time="0.0" classname="com.MainFrameWork.accelerators.TestEngine">
    <ignored/>
  </testcase> <!-- @AfterSuite tearDown -->
  <testcase name="@AfterSuite tearDown" time="0.0" classname="com.MainFrameWork.accelerators.TestEngine">
    <ignored/>
  </testcase> <!-- @AfterSuite tearDown -->
  <testcase name="@AfterSuite tearDown" time="0.0" classname="com.MainFrameWork.accelerators.TestEngine">
    <ignored/>
  </testcase> <!-- @AfterSuite tearDown -->
  <testcase name="@AfterSuite tearDown" time="0.0" classname="com.MainFrameWork.accelerators.TestEngine">
    <ignored/>
  </testcase> <!-- @AfterSuite tearDown -->
  <testcase name="@AfterSuite tearDown" time="0.0" classname="com.MainFrameWork.accelerators.TestEngine">
    <ignored/>
  </testcase> <!-- @AfterSuite tearDown -->
</testsuite> <!-- BFL_LRP_Automation_Suite -->
