<?xml version="1.0" encoding="UTF-8"?>
<testng-results skipped="0" failed="0" ignored="0" total="1" passed="1">
  <reporter-output>
  </reporter-output>
  <suite name="Default suite" duration-ms="120163" started-at="2020-04-09T11:47:39Z" finished-at="2020-04-09T11:49:39Z">
    <groups>
      <group name="functional">
        <method signature="MerchantOnboarding.MerchantOnboarding_Test(java.util.Hashtable)[pri:0, instance:com.AXIS.smoke.MerchantOnboarding@623a8092]" name="MerchantOnboarding_Test" class="com.AXIS.smoke.MerchantOnboarding"/>
      </group> <!-- functional -->
      <group name="smoke">
        <method signature="MerchantOnboarding.MerchantOnboarding_Test(java.util.Hashtable)[pri:0, instance:com.AXIS.smoke.MerchantOnboarding@623a8092]" name="MerchantOnboarding_Test" class="com.AXIS.smoke.MerchantOnboarding"/>
      </group> <!-- smoke -->
    </groups>
    <test name="Default test" duration-ms="120163" started-at="2020-04-09T11:47:39Z" finished-at="2020-04-09T11:49:39Z">
      <class name="com.AXIS.smoke.MerchantOnboarding">
        <test-method status="PASS" signature="setupSuite(org.testng.ITestContext)[pri:0, instance:com.AXIS.smoke.MerchantOnboarding@623a8092]" name="setupSuite" is-config="true" duration-ms="6213" started-at="2020-04-09T11:47:33Z" finished-at="2020-04-09T11:47:39Z">
          <params>
            <param index="0">
              <value>
                <![CDATA[org.testng.TestRunner@11389053]]>
              </value>
            </param>
          </params>
          <reporter-output>
          </reporter-output>
        </test-method> <!-- setupSuite -->
        <test-method status="PASS" signature="reportHeader(java.lang.reflect.Method, org.testng.ITestContext)[pri:0, instance:com.AXIS.smoke.MerchantOnboarding@623a8092]" name="reportHeader" is-config="true" duration-ms="589" started-at="2020-04-09T11:47:39Z" finished-at="2020-04-09T11:47:40Z">
          <params>
            <param index="0">
              <value>
                <![CDATA[public void com.AXIS.smoke.MerchantOnboarding.MerchantOnboarding_Test(java.util.Hashtable) throws java.lang.Throwable]]>
              </value>
            </param>
            <param index="1">
              <value>
                <![CDATA[org.testng.TestRunner@11389053]]>
              </value>
            </param>
          </params>
          <reporter-output>
          </reporter-output>
        </test-method> <!-- reportHeader -->
        <test-method status="PASS" signature="MerchantOnboarding_Test(java.util.Hashtable)[pri:0, instance:com.AXIS.smoke.MerchantOnboarding@623a8092]" name="MerchantOnboarding_Test" duration-ms="119495" started-at="2020-04-09T11:47:40Z" data-provider="getData" finished-at="2020-04-09T11:49:39Z">
          <params>
            <param index="0">
              <value>
                <![CDATA[{Merchant Group Profiles=, IA_Location=MUMBAI, Merchant DBA Name=Automation, EMAIL=Axisbank@gmail.com, TELEVERIFICATION=1.0, Benf2_Phone 1=, Approved By=BRANCH HEAD, Beneficiary Account Name=HDFC, CREDIT CARDS NON PREMIUM=101.0, IA_Telephone=1.23456789E9, IA_Email Address 2=, IA_Email Address 1=EDCSTATEMENT@AXISBANK.COM, Insta Bharat QR Pan=, Aggregator=, NonOperativeCA=, DCCMSF=, Usertype=Admin, Gltype=Office GL, Joining Fees=1, OD2_Owner 1 Name=DSD, Benf2 Owner2 Name=, Benf1_Pincode=, Fuel Remarks=Automation script, RA_Address Line 2=BSD22, RA_Address Line 1=Kavita, ASM Code=24594.0, IA_Contact Person=ASD, Beneficiary Account Number='1234567890123456, TCNumber=TC_0003, OD1_Pincode=400072.0, DCC Transaction=0.0, MCC=1111-OTHERS, DataRowNum=4, FC MDR Flat=, DCI Cardgaurd=YES, DuplicateAppNo=1111111111, Committed Balance in Current A/C=10000.0, MAB PRICING CODE=12.0, MERSUPERMID=, OD1_State=MAHARASHTRA, OldMID=037222006540166, OD2_State=MAHARASHTRA, DIP=1.0, BQS CHECK=Y, PAN No=ABBPF4197P, Rental=1, Merchant Segment=Retail, MICR Code=, Gross Settlement Type=No, RA_Mobile 2=, GST Identification No=, RA_Mobile 1=9801000000, CA HOLD=NO, Merchant Legal Name=Rohan, SiteId_Cutid=12456.0, Cash Withdrawal (Cash@pos)=Yes, NTC=Yes, shortappNo=1111, Gender=Male, Call Charges=11.0, A/C Label=, Key=N, Monthly Card Volume=10000.0, LTC=Yes, Fuel Reimbursement=11.0, Beneficiary Bank Name=HDFC, MOBILE=9801000000, Convenience Fee=1000.0, Business Type=Small Business Merchant (< 20 LAC), PQROffusCap=200.0, Lead Generator ID=0.0, Pricing Category=Branch Prefer Price, Benf1_Address 2=, Benf1_Address 1=, Fuel Dealer ID=111111111111111, AADHAR NO=1.23455677411E11, OD1_Address Line 2=CSD22, OD1_District=Mumbai, Projected Average Ticket Size=1000.0, Aadhar No=, RA_State=MAHARASHTRA, Benf1_City=, Benf1_District=, DCC Reimbursement=, Benf2_Address 2=, Benf2_Address 1=, Remarks=Test automation, FC MDR %=, Benf2_Pincode=, OD2_District=Mumbai, Old MID=NA, Terminal Type=EDC, Offline=Y, OD1_City=MUMBAI, Fuel Association=BPCL, AMC=Yes, POSOffusCap=200.0, RA_City=MUMBAI, QROnusRate=0.3, OD2_Pincode=400072.0, Benf2_District=, Merchant Identification=New, SE Code=ASL/MUM/114309, A/C Number=123212165111115, Installation Branch Code=4-Mumbai, cash@ pos merchant incentive=, Non-operative CA number=No, Benf1 Owner1 Name=, UPI (> 2000/-)=0.65, QR IFSC Code=UTIB0SKNSB1, IA_Landmark=ASD, GST Registered=N, Other Charges=1.0, AGGREGATOR=BILLDESK, CREDIT CARDS PREMIUM=100.0, POSOnuscap=200.0, FuelAssociation=BPCL, Salutation=Mr., TestCoverage=This scripts covers following TestCases: To check system enable GL type field if payment by selected as NEFT, To check system allow to select GL type as Office GL, FirstdataRow=Yes, Force Settlement=N, colStartRowNum=2, TCC=O-Others, IA_Mobile 2=, IA_Mobile 1=9801000000, POSOffusRate=0.4, NEW TO THE WORLD=1.0, Payment SOL ID=11.0, INR transaction=2.5, IA_City=MUMBAI, Setup=1, Non EDC Type=, IA_State=MAHARASHTRA, LOR STATE=MAHARASHTRA, Benf2_City=, Benf1_Phone 1=, RA_District=Mumbai, OD1_Owner 1 Name=CSD, Payment By=NEFT, RA_Pincode=400072.0, Benf1_State=, Form 60=, Merchant Payment Currency=USD, Benf2_State=, OD2_City=MUMBAI, PANValid=Y, DOB/Incorporation Date=, Per Transaction Charge (PTC)=1.0, POSOnusRate=0.4, OD2_Address Line 2=DSD22, Statement Request Type=Both, Risk approval=YES, DCC Reimbursement =, IA_Address Line 2=ASD22, IA_Pincode=400072.0, IA_Address Line 1=ASD11, Ticket No Required=NO, Per Transaction Limit (PTL)=1.0, Application Number=9.999999434E9, OD1_Address 1=CSD11, OD2_Address 1=Kavita, Business Entity=Sole Proprietorship Concern, MERIDTYPE=PAN No., CA Application No=, AOP Amount=11, Merchant Type=Normal, Zone Code=WEST ZONE, Password=blanl, LastdataRow=Yes, Request for Sale Terminal=NO, FuelRemarks=TEST, MERTAG=N, PQROnuscap=200.0, GSTIN ADDRESS=, UPI URL=https://www.axis.com, Bank IFSC Code=, No Of Terminal=1, DSA CODE=SSASDDQ2WSDSDASD, Asset Model=GPRS+QR, Cust ID=, IA_District=Mumbai, Convenience Fee Type=FIXED, UPI (< 2000/-)=0.25, BM Code=104218.0, Allow Only Domestic Debit Card=No, SG code=123456.0, QR Account Number=12345678901234567890123456, Committed DCC volumes=1.0, Beneficiary IFSC Code=HDFC5678901, MVISAmerchantID=, InvalidAppNo=11111112222222222, Statement Frequency=Weekly, QROffusRate=0.3, Refund=Y}]]>
              </value>
            </param>
          </params>
          <reporter-output>
          </reporter-output>
        </test-method> <!-- MerchantOnboarding_Test -->
        <test-method status="PASS" signature="tearDown(org.testng.ITestResult)[pri:0, instance:com.AXIS.smoke.MerchantOnboarding@623a8092]" name="tearDown" is-config="true" duration-ms="5" started-at="2020-04-09T11:49:39Z" finished-at="2020-04-09T11:49:39Z">
          <params>
            <param index="0">
              <value>
                <![CDATA[[TestResult name=MerchantOnboarding_Test status=SUCCESS method=MerchantOnboarding.MerchantOnboarding_Test(java.util.Hashtable)[pri:0, instance:com.AXIS.smoke.MerchantOnboarding@623a8092] output={null}]]]>
              </value>
            </param>
          </params>
          <reporter-output>
          </reporter-output>
        </test-method> <!-- tearDown -->
        <test-method status="PASS" signature="tearDown(org.testng.ITestContext)[pri:0, instance:com.AXIS.smoke.MerchantOnboarding@623a8092]" name="tearDown" is-config="true" duration-ms="1787" started-at="2020-04-09T11:49:39Z" finished-at="2020-04-09T11:49:41Z">
          <params>
            <param index="0">
              <value>
                <![CDATA[org.testng.TestRunner@11389053]]>
              </value>
            </param>
          </params>
          <reporter-output>
          </reporter-output>
        </test-method> <!-- tearDown -->
      </class> <!-- com.AXIS.smoke.MerchantOnboarding -->
    </test> <!-- Default test -->
  </suite> <!-- Default suite -->
</testng-results>
